c:\qt_programming\amberskies\world_builder\x64\debug\worldwindow.obj
c:\qt_programming\amberskies\world_builder\x64\debug\openglview.obj
c:\qt_programming\amberskies\world_builder\x64\debug\modelwarehouse.obj
c:\qt_programming\amberskies\world_builder\x64\debug\moc_openglview.obj
c:\qt_programming\amberskies\world_builder\x64\debug\moc_worldwindow.obj
c:\qt_programming\amberskies\world_builder\x64\debug\main.obj
c:\qt_programming\amberskies\world_builder\x64\debug\vc142.pdb
c:\qt_programming\amberskies\world_builder\x64\debug\moc_modelwarehouse.obj
c:\qt_programming\amberskies\world_builder\x64\debug\input.obj
c:\qt_programming\amberskies\world_builder\debug\world_builder.exe
c:\qt_programming\amberskies\world_builder\debug\world_builder.ilk
c:\qt_programming\amberskies\world_builder\debug\world_builder.pdb
c:\qt_programming\amberskies\world_builder\debug\moc_worldwindow.cpp
c:\qt_programming\amberskies\world_builder\debug\moc_openglview.cpp
c:\qt_programming\amberskies\world_builder\debug\moc_modelwarehouse.cpp
c:\qt_programming\amberskies\world_builder\ui_worldwindow.h
c:\qt_programming\amberskies\world_builder\x64\debug\world_builder.tlog\cl.command.1.tlog
c:\qt_programming\amberskies\world_builder\x64\debug\world_builder.tlog\cl.read.1.tlog
c:\qt_programming\amberskies\world_builder\x64\debug\world_builder.tlog\cl.write.1.tlog
c:\qt_programming\amberskies\world_builder\x64\debug\world_builder.tlog\link.command.1.tlog
c:\qt_programming\amberskies\world_builder\x64\debug\world_builder.tlog\link.read.1.tlog
c:\qt_programming\amberskies\world_builder\x64\debug\world_builder.tlog\link.write.1.tlog
c:\qt_programming\amberskies\world_builder\x64\debug\world_builder.tlog\moc.read.1u.tlog
c:\qt_programming\amberskies\world_builder\x64\debug\world_builder.tlog\moc.write.1u.tlog
c:\qt_programming\amberskies\world_builder\x64\debug\world_builder.tlog\uic.read.1u.tlog
c:\qt_programming\amberskies\world_builder\x64\debug\world_builder.tlog\uic.write.1u.tlog
c:\qt_programming\amberskies\world_builder\x64\debug\world_builder.tlog\world_builder.write.1u.tlog
